* using log directory ‘/home/runner/work/tidySummarizedExperiment/tidySummarizedExperiment/..Rcheck’
* using R version 4.3.3 (2024-02-29)
* using platform: x86_64-pc-linux-gnu (64-bit)
* R was compiled by
    gcc (Ubuntu 13.2.0-23ubuntu3) 13.2.0
    GNU Fortran (Ubuntu 13.2.0-23ubuntu3) 13.2.0
* running under: Ubuntu 24.04.3 LTS
* using session charset: UTF-8
* using options ‘--no-tests --no-manual --no-vignettes’
* checking for file ‘./DESCRIPTION’ ... OK
* checking extension type ... Package
* this is package ‘tidySummarizedExperiment’ version ‘1.19.5’
* package encoding: UTF-8
* checking package namespace information ... OK
* checking package dependencies ... ERROR
Packages required but not available:
  'SummarizedExperiment', 'ttservice', 'dplyr', 'tibble', 'magrittr',
  'tidyr', 'ggplot2', 'rlang', 'purrr', 'lifecycle', 'S4Vectors',
  'tidyselect', 'ellipsis', 'vctrs', 'pillar', 'stringr', 'cli',
  'fansi', 'pkgconfig'

Packages suggested but not available:
  'BiocStyle', 'testthat', 'knitr', 'markdown', 'rmarkdown', 'plotly',
  'rbibutils', 'prettydoc'

VignetteBuilder package required for checking but not installed: ‘knitr’

The suggested packages are required for a complete check.
Checking can be attempted without them by setting the environment
variable _R_CHECK_FORCE_SUGGESTS_ to a false value.

See section ‘The DESCRIPTION file’ in the ‘Writing R Extensions’
manual.
* DONE
Status: 1 ERROR
